L 08/23/2025 - 22:48:57: Log file started (file "cstrike\addons\amxmodx\logs\dmaplog0823.log") (game "cstrike") (amx "1.8.1.3746")
L 08/23/2025 - 22:48:57: Did not ban any maps from mapstoban.ini file
L 08/23/2025 - 22:48:57: Loaded 18 Maps into the maps that will be picked for the vote
L 08/23/2025 - 22:48:57: 2 Maps were not loaded because they were the last maps played, or defined twice, or banned
L 08/23/2025 - 22:48:57: Found 20 Maps in your mapcycle.txt/allmaps.txt file, 18 are available for filling slots
L 08/23/2025 - 23:05:17: Did not ban any maps from mapstoban.ini file
L 08/23/2025 - 23:05:17: Loaded 17 Maps into the maps that will be picked for the vote
L 08/23/2025 - 23:05:17: 3 Maps were not loaded because they were the last maps played, or defined twice, or banned
L 08/23/2025 - 23:05:17: Found 20 Maps in your mapcycle.txt/allmaps.txt file, 17 are available for filling slots
L 08/23/2025 - 23:37:30: Nominations for the map vote: 0 out of 5 possible nominations
L 08/23/2025 - 23:37:30: Randomly Filling slots for the vote with 5 out of 17
L 08/23/2025 - 23:37:30: Filled 5 vote slots with random maps, 5 are custom
L 08/23/2025 - 23:37:30: Vote: Voting for the nextmap started
L 08/23/2025 - 23:37:50: Vote: Voting for the nextmap finished. The nextmap will be fy_snow
L 08/23/2025 - 23:38:33: Did not ban any maps from mapstoban.ini file
L 08/23/2025 - 23:38:33: Loaded 16 Maps into the maps that will be picked for the vote
L 08/23/2025 - 23:38:33: 4 Maps were not loaded because they were the last maps played, or defined twice, or banned
L 08/23/2025 - 23:38:33: Found 20 Maps in your mapcycle.txt/allmaps.txt file, 16 are available for filling slots
L 08/23/2025 - 23:57:29: Nominations for the map vote: 0 out of 5 possible nominations
L 08/23/2025 - 23:57:29: Randomly Filling slots for the vote with 5 out of 16
L 08/23/2025 - 23:57:29: Filled 5 vote slots with random maps, 5 are custom
L 08/23/2025 - 23:57:29: Vote: Voting for the nextmap started
L 08/23/2025 - 23:57:49: Vote: Voting for the nextmap finished. The nextmap will be 35hp_2
L 08/23/2025 - 23:58:21: Did not ban any maps from mapstoban.ini file
L 08/23/2025 - 23:58:21: Loaded 15 Maps into the maps that will be picked for the vote
L 08/23/2025 - 23:58:21: 5 Maps were not loaded because they were the last maps played, or defined twice, or banned
L 08/23/2025 - 23:58:21: Found 20 Maps in your mapcycle.txt/allmaps.txt file, 15 are available for filling slots
