L 12/03/2023 - 00:02:20: Log file started (file "cstrike\addons\amxmodx\logs\dmaplog1203.log") (game "cstrike") (amx "1.8.1.3746")
L 12/03/2023 - 00:02:20: Did not ban any maps from mapstoban.ini file
L 12/03/2023 - 00:02:20: Loaded 18 Maps into the maps that will be picked for the vote
L 12/03/2023 - 00:02:20: 2 Maps were not loaded because they were the last maps played, or defined twice, or banned
L 12/03/2023 - 00:02:20: Found 20 Maps in your mapcycle.txt/allmaps.txt file, 18 are available for filling slots
L 12/03/2023 - 00:08:40: Did not ban any maps from mapstoban.ini file
L 12/03/2023 - 00:08:40: Loaded 17 Maps into the maps that will be picked for the vote
L 12/03/2023 - 00:08:40: 3 Maps were not loaded because they were the last maps played, or defined twice, or banned
L 12/03/2023 - 00:08:40: Found 20 Maps in your mapcycle.txt/allmaps.txt file, 17 are available for filling slots
L 12/03/2023 - 00:09:55: Did not ban any maps from mapstoban.ini file
L 12/03/2023 - 00:09:55: Loaded 18 Maps into the maps that will be picked for the vote
L 12/03/2023 - 00:09:55: 2 Maps were not loaded because they were the last maps played, or defined twice, or banned
L 12/03/2023 - 00:09:55: Found 20 Maps in your mapcycle.txt/allmaps.txt file, 18 are available for filling slots
L 12/03/2023 - 00:10:06: Did not ban any maps from mapstoban.ini file
L 12/03/2023 - 00:10:06: Loaded 18 Maps into the maps that will be picked for the vote
L 12/03/2023 - 00:10:06: 2 Maps were not loaded because they were the last maps played, or defined twice, or banned
L 12/03/2023 - 00:10:06: Found 20 Maps in your mapcycle.txt/allmaps.txt file, 18 are available for filling slots
L 12/03/2023 - 00:10:44: Did not ban any maps from mapstoban.ini file
L 12/03/2023 - 00:10:44: Loaded 18 Maps into the maps that will be picked for the vote
L 12/03/2023 - 00:10:44: 2 Maps were not loaded because they were the last maps played, or defined twice, or banned
L 12/03/2023 - 00:10:44: Found 20 Maps in your mapcycle.txt/allmaps.txt file, 18 are available for filling slots
L 12/03/2023 - 00:13:18: Did not ban any maps from mapstoban.ini file
L 12/03/2023 - 00:13:18: Loaded 18 Maps into the maps that will be picked for the vote
L 12/03/2023 - 00:13:18: 2 Maps were not loaded because they were the last maps played, or defined twice, or banned
L 12/03/2023 - 00:13:18: Found 20 Maps in your mapcycle.txt/allmaps.txt file, 18 are available for filling slots
L 12/03/2023 - 00:16:23: Did not ban any maps from mapstoban.ini file
L 12/03/2023 - 00:16:23: Loaded 18 Maps into the maps that will be picked for the vote
L 12/03/2023 - 00:16:23: 2 Maps were not loaded because they were the last maps played, or defined twice, or banned
L 12/03/2023 - 00:16:23: Found 20 Maps in your mapcycle.txt/allmaps.txt file, 18 are available for filling slots
L 12/03/2023 - 00:22:28: Did not ban any maps from mapstoban.ini file
L 12/03/2023 - 00:22:28: Loaded 18 Maps into the maps that will be picked for the vote
L 12/03/2023 - 00:22:28: 2 Maps were not loaded because they were the last maps played, or defined twice, or banned
L 12/03/2023 - 00:22:28: Found 20 Maps in your mapcycle.txt/allmaps.txt file, 18 are available for filling slots
L 12/03/2023 - 00:26:32: Did not ban any maps from mapstoban.ini file
L 12/03/2023 - 00:26:32: Loaded 18 Maps into the maps that will be picked for the vote
L 12/03/2023 - 00:26:32: 2 Maps were not loaded because they were the last maps played, or defined twice, or banned
L 12/03/2023 - 00:26:32: Found 20 Maps in your mapcycle.txt/allmaps.txt file, 18 are available for filling slots
L 12/03/2023 - 00:28:43: Did not ban any maps from mapstoban.ini file
L 12/03/2023 - 00:28:43: Loaded 18 Maps into the maps that will be picked for the vote
L 12/03/2023 - 00:28:43: 2 Maps were not loaded because they were the last maps played, or defined twice, or banned
L 12/03/2023 - 00:28:43: Found 20 Maps in your mapcycle.txt/allmaps.txt file, 18 are available for filling slots
L 12/03/2023 - 00:33:52: Did not ban any maps from mapstoban.ini file
L 12/03/2023 - 00:33:53: Loaded 19 Maps into the maps that will be picked for the vote
L 12/03/2023 - 00:33:53: 1 Maps were not loaded because they were the last maps played, or defined twice, or banned
L 12/03/2023 - 00:33:53: Found 20 Maps in your mapcycle.txt/allmaps.txt file, 19 are available for filling slots
L 12/03/2023 - 00:48:52: Did not ban any maps from mapstoban.ini file
L 12/03/2023 - 00:48:53: Loaded 19 Maps into the maps that will be picked for the vote
L 12/03/2023 - 00:48:53: 1 Maps were not loaded because they were the last maps played, or defined twice, or banned
L 12/03/2023 - 00:48:53: Found 20 Maps in your mapcycle.txt/allmaps.txt file, 19 are available for filling slots
