L 09/02/2025 - 00:54:24: Log file started (file "cstrike\addons\amxmodx\logs\dmaplog0902.log") (game "cstrike") (amx "1.8.1.3746")
L 09/02/2025 - 00:54:24: Did not ban any maps from mapstoban.ini file
L 09/02/2025 - 00:54:24: Loaded 17 Maps into the maps that will be picked for the vote
L 09/02/2025 - 00:54:24: 3 Maps were not loaded because they were the last maps played, or defined twice, or banned
L 09/02/2025 - 00:54:24: Found 20 Maps in your mapcycle.txt/allmaps.txt file, 17 are available for filling slots
L 09/02/2025 - 00:55:05: Did not ban any maps from mapstoban.ini file
L 09/02/2025 - 00:55:05: Loaded 17 Maps into the maps that will be picked for the vote
L 09/02/2025 - 00:55:05: 3 Maps were not loaded because they were the last maps played, or defined twice, or banned
L 09/02/2025 - 00:55:06: Found 20 Maps in your mapcycle.txt/allmaps.txt file, 17 are available for filling slots
L 09/02/2025 - 00:55:31: Did not ban any maps from mapstoban.ini file
L 09/02/2025 - 00:55:31: Loaded 16 Maps into the maps that will be picked for the vote
L 09/02/2025 - 00:55:31: 4 Maps were not loaded because they were the last maps played, or defined twice, or banned
L 09/02/2025 - 00:55:31: Found 20 Maps in your mapcycle.txt/allmaps.txt file, 16 are available for filling slots
L 09/02/2025 - 00:58:13: Did not ban any maps from mapstoban.ini file
L 09/02/2025 - 00:58:13: Loaded 17 Maps into the maps that will be picked for the vote
L 09/02/2025 - 00:58:13: 3 Maps were not loaded because they were the last maps played, or defined twice, or banned
L 09/02/2025 - 00:58:13: Found 20 Maps in your mapcycle.txt/allmaps.txt file, 17 are available for filling slots
L 09/02/2025 - 00:58:19: Did not ban any maps from mapstoban.ini file
L 09/02/2025 - 00:58:19: Loaded 18 Maps into the maps that will be picked for the vote
L 09/02/2025 - 00:58:19: 2 Maps were not loaded because they were the last maps played, or defined twice, or banned
L 09/02/2025 - 00:58:19: Found 20 Maps in your mapcycle.txt/allmaps.txt file, 18 are available for filling slots
L 09/02/2025 - 01:03:47: Did not ban any maps from mapstoban.ini file
L 09/02/2025 - 01:03:47: Loaded 18 Maps into the maps that will be picked for the vote
L 09/02/2025 - 01:03:47: 2 Maps were not loaded because they were the last maps played, or defined twice, or banned
L 09/02/2025 - 01:03:47: Found 20 Maps in your mapcycle.txt/allmaps.txt file, 18 are available for filling slots
L 09/02/2025 - 01:22:13: Nominations for the map vote: 0 out of 5 possible nominations
L 09/02/2025 - 01:22:13: Randomly Filling slots for the vote with 5 out of 18
L 09/02/2025 - 01:22:13: Filled 5 vote slots with random maps, 5 are custom
L 09/02/2025 - 01:22:13: Vote: Voting for the nextmap started
L 09/02/2025 - 01:22:33: Vote: Voting for the nextmap finished. The nextmap will be $2000$
L 09/02/2025 - 01:23:02: Did not ban any maps from mapstoban.ini file
L 09/02/2025 - 01:23:02: Loaded 18 Maps into the maps that will be picked for the vote
L 09/02/2025 - 01:23:02: 2 Maps were not loaded because they were the last maps played, or defined twice, or banned
L 09/02/2025 - 01:23:02: Found 20 Maps in your mapcycle.txt/allmaps.txt file, 18 are available for filling slots
L 09/02/2025 - 01:41:15: Nominations for the map vote: 0 out of 5 possible nominations
L 09/02/2025 - 01:41:15: Randomly Filling slots for the vote with 5 out of 18
L 09/02/2025 - 01:41:15: Filled 5 vote slots with random maps, 5 are custom
L 09/02/2025 - 01:41:15: Vote: Voting for the nextmap started
L 09/02/2025 - 01:41:35: Vote: Voting for the nextmap finished. The nextmap will be de_inferno_2x2
L 09/02/2025 - 01:42:16: Did not ban any maps from mapstoban.ini file
L 09/02/2025 - 01:42:16: Loaded 17 Maps into the maps that will be picked for the vote
L 09/02/2025 - 01:42:16: 3 Maps were not loaded because they were the last maps played, or defined twice, or banned
L 09/02/2025 - 01:42:16: Found 20 Maps in your mapcycle.txt/allmaps.txt file, 17 are available for filling slots
L 09/02/2025 - 02:00:01: Did not ban any maps from mapstoban.ini file
L 09/02/2025 - 02:00:01: Loaded 16 Maps into the maps that will be picked for the vote
L 09/02/2025 - 02:00:01: 4 Maps were not loaded because they were the last maps played, or defined twice, or banned
L 09/02/2025 - 02:00:01: Found 20 Maps in your mapcycle.txt/allmaps.txt file, 16 are available for filling slots
L 09/02/2025 - 02:00:20: Did not ban any maps from mapstoban.ini file
L 09/02/2025 - 02:00:20: Loaded 15 Maps into the maps that will be picked for the vote
L 09/02/2025 - 02:00:20: 5 Maps were not loaded because they were the last maps played, or defined twice, or banned
L 09/02/2025 - 02:00:20: Found 20 Maps in your mapcycle.txt/allmaps.txt file, 15 are available for filling slots
L 09/02/2025 - 20:54:04: Did not ban any maps from mapstoban.ini file
L 09/02/2025 - 20:54:04: Loaded 16 Maps into the maps that will be picked for the vote
L 09/02/2025 - 20:54:04: 4 Maps were not loaded because they were the last maps played, or defined twice, or banned
L 09/02/2025 - 20:54:04: Found 20 Maps in your mapcycle.txt/allmaps.txt file, 16 are available for filling slots
