L 08/29/2025 - 22:56:20: Log file started (file "cstrike\addons\amxmodx\logs\dmaplog0829.log") (game "cstrike") (amx "1.8.1.3746")
L 08/29/2025 - 22:56:20: Did not ban any maps from mapstoban.ini file
L 08/29/2025 - 22:56:20: Loaded 16 Maps into the maps that will be picked for the vote
L 08/29/2025 - 22:56:20: 4 Maps were not loaded because they were the last maps played, or defined twice, or banned
L 08/29/2025 - 22:56:20: Found 20 Maps in your mapcycle.txt/allmaps.txt file, 16 are available for filling slots
L 08/29/2025 - 22:58:37: Did not ban any maps from mapstoban.ini file
L 08/29/2025 - 22:58:37: Loaded 17 Maps into the maps that will be picked for the vote
L 08/29/2025 - 22:58:37: 3 Maps were not loaded because they were the last maps played, or defined twice, or banned
L 08/29/2025 - 22:58:37: Found 20 Maps in your mapcycle.txt/allmaps.txt file, 17 are available for filling slots
L 08/29/2025 - 22:59:16: Did not ban any maps from mapstoban.ini file
L 08/29/2025 - 22:59:17: Loaded 17 Maps into the maps that will be picked for the vote
L 08/29/2025 - 22:59:17: 3 Maps were not loaded because they were the last maps played, or defined twice, or banned
L 08/29/2025 - 22:59:17: Found 20 Maps in your mapcycle.txt/allmaps.txt file, 17 are available for filling slots
L 08/29/2025 - 23:00:45: Did not ban any maps from mapstoban.ini file
L 08/29/2025 - 23:00:45: Loaded 18 Maps into the maps that will be picked for the vote
L 08/29/2025 - 23:00:45: 2 Maps were not loaded because they were the last maps played, or defined twice, or banned
L 08/29/2025 - 23:00:45: Found 20 Maps in your mapcycle.txt/allmaps.txt file, 18 are available for filling slots
L 08/29/2025 - 23:04:59: Did not ban any maps from mapstoban.ini file
L 08/29/2025 - 23:04:59: Loaded 19 Maps into the maps that will be picked for the vote
L 08/29/2025 - 23:04:59: 1 Maps were not loaded because they were the last maps played, or defined twice, or banned
L 08/29/2025 - 23:04:59: Found 20 Maps in your mapcycle.txt/allmaps.txt file, 19 are available for filling slots
L 08/29/2025 - 23:05:53: Did not ban any maps from mapstoban.ini file
L 08/29/2025 - 23:05:53: Loaded 18 Maps into the maps that will be picked for the vote
L 08/29/2025 - 23:05:53: 2 Maps were not loaded because they were the last maps played, or defined twice, or banned
L 08/29/2025 - 23:05:53: Found 20 Maps in your mapcycle.txt/allmaps.txt file, 18 are available for filling slots
L 08/29/2025 - 23:38:55: Nominations for the map vote: 0 out of 5 possible nominations
L 08/29/2025 - 23:38:55: Randomly Filling slots for the vote with 5 out of 18
L 08/29/2025 - 23:38:55: Filled 5 vote slots with random maps, 5 are custom
L 08/29/2025 - 23:38:55: Vote: Voting for the nextmap started
L 08/29/2025 - 23:39:15: Vote: Voting for the nextmap finished. Map $2000$ will be extended to next 15. minutes
L 08/29/2025 - 23:53:55: Nominations for the map vote: 0 out of 5 possible nominations
L 08/29/2025 - 23:53:55: Randomly Filling slots for the vote with 5 out of 18
L 08/29/2025 - 23:53:55: Filled 5 vote slots with random maps, 5 are custom
L 08/29/2025 - 23:53:55: Vote: Voting for the nextmap started
L 08/29/2025 - 23:54:15: Vote: Voting for the nextmap finished. The nextmap will be de_go_go_go
L 08/29/2025 - 23:54:45: Did not ban any maps from mapstoban.ini file
L 08/29/2025 - 23:54:45: Loaded 17 Maps into the maps that will be picked for the vote
L 08/29/2025 - 23:54:45: 3 Maps were not loaded because they were the last maps played, or defined twice, or banned
L 08/29/2025 - 23:54:45: Found 20 Maps in your mapcycle.txt/allmaps.txt file, 17 are available for filling slots
L 08/29/2025 - 23:56:25: Did not ban any maps from mapstoban.ini file
L 08/29/2025 - 23:56:25: Loaded 17 Maps into the maps that will be picked for the vote
L 08/29/2025 - 23:56:25: 3 Maps were not loaded because they were the last maps played, or defined twice, or banned
L 08/29/2025 - 23:56:25: Found 20 Maps in your mapcycle.txt/allmaps.txt file, 17 are available for filling slots
L 08/29/2025 - 23:57:10: Did not ban any maps from mapstoban.ini file
L 08/29/2025 - 23:57:10: Loaded 16 Maps into the maps that will be picked for the vote
L 08/29/2025 - 23:57:10: 4 Maps were not loaded because they were the last maps played, or defined twice, or banned
L 08/29/2025 - 23:57:10: Found 20 Maps in your mapcycle.txt/allmaps.txt file, 16 are available for filling slots
L 08/30/2025 - 00:17:05: Nominations for the map vote: 0 out of 5 possible nominations
L 08/30/2025 - 00:17:05: Randomly Filling slots for the vote with 5 out of 16
L 08/30/2025 - 00:17:05: Filled 5 vote slots with random maps, 5 are custom
L 08/30/2025 - 00:17:05: Vote: Voting for the nextmap started
L 08/30/2025 - 00:17:25: Vote: Voting for the nextmap finished. Map de_inferno_2x2 will be extended to next 15. minutes
