L 08/25/2025 - 00:11:07: Log file started (file "cstrike\addons\amxmodx\logs\dmaplog0825.log") (game "cstrike") (amx "1.8.1.3746")
L 08/25/2025 - 00:11:07: Did not ban any maps from mapstoban.ini file
L 08/25/2025 - 00:11:07: Loaded 18 Maps into the maps that will be picked for the vote
L 08/25/2025 - 00:11:07: 2 Maps were not loaded because they were the last maps played, or defined twice, or banned
L 08/25/2025 - 00:11:07: Found 20 Maps in your mapcycle.txt/allmaps.txt file, 18 are available for filling slots
L 08/25/2025 - 00:18:39: Did not ban any maps from mapstoban.ini file
L 08/25/2025 - 00:18:39: Loaded 18 Maps into the maps that will be picked for the vote
L 08/25/2025 - 00:18:39: 2 Maps were not loaded because they were the last maps played, or defined twice, or banned
L 08/25/2025 - 00:18:39: Found 20 Maps in your mapcycle.txt/allmaps.txt file, 18 are available for filling slots
L 08/25/2025 - 00:22:29: Did not ban any maps from mapstoban.ini file
L 08/25/2025 - 00:22:29: Loaded 17 Maps into the maps that will be picked for the vote
L 08/25/2025 - 00:22:29: 3 Maps were not loaded because they were the last maps played, or defined twice, or banned
L 08/25/2025 - 00:22:29: Found 20 Maps in your mapcycle.txt/allmaps.txt file, 17 are available for filling slots
L 08/25/2025 - 00:41:26: Nominations for the map vote: 0 out of 5 possible nominations
L 08/25/2025 - 00:41:26: Randomly Filling slots for the vote with 5 out of 17
L 08/25/2025 - 00:41:26: Filled 5 vote slots with random maps, 5 are custom
L 08/25/2025 - 00:41:26: Vote: Voting for the nextmap started
L 08/25/2025 - 00:41:46: Vote: Voting for the nextmap finished. The nextmap will be cs_pf_aztec
L 08/25/2025 - 00:42:32: Did not ban any maps from mapstoban.ini file
L 08/25/2025 - 00:42:32: Loaded 17 Maps into the maps that will be picked for the vote
L 08/25/2025 - 00:42:32: 3 Maps were not loaded because they were the last maps played, or defined twice, or banned
L 08/25/2025 - 00:42:32: Found 20 Maps in your mapcycle.txt/allmaps.txt file, 17 are available for filling slots
