L 08/30/2025 - 00:26:29: Log file started (file "cstrike\addons\amxmodx\logs\dmaplog0830.log") (game "cstrike") (amx "1.8.1.3746")
L 08/30/2025 - 00:26:29: Did not ban any maps from mapstoban.ini file
L 08/30/2025 - 00:26:29: Loaded 17 Maps into the maps that will be picked for the vote
L 08/30/2025 - 00:26:29: 3 Maps were not loaded because they were the last maps played, or defined twice, or banned
L 08/30/2025 - 00:26:29: Found 20 Maps in your mapcycle.txt/allmaps.txt file, 17 are available for filling slots
L 08/30/2025 - 00:26:50: Did not ban any maps from mapstoban.ini file
L 08/30/2025 - 00:26:50: Loaded 18 Maps into the maps that will be picked for the vote
L 08/30/2025 - 00:26:50: 2 Maps were not loaded because they were the last maps played, or defined twice, or banned
L 08/30/2025 - 00:26:50: Found 20 Maps in your mapcycle.txt/allmaps.txt file, 18 are available for filling slots
L 08/30/2025 - 00:47:07: Nominations for the map vote: 0 out of 5 possible nominations
L 08/30/2025 - 00:47:07: Randomly Filling slots for the vote with 5 out of 18
L 08/30/2025 - 00:47:07: Filled 5 vote slots with random maps, 5 are custom
L 08/30/2025 - 00:47:07: Vote: Voting for the nextmap started
L 08/30/2025 - 00:47:27: Vote: Voting for the nextmap finished. Map de_snipe_it5 will be extended to next 15. minutes
L 08/30/2025 - 01:01:53: Nominations for the map vote: 0 out of 5 possible nominations
L 08/30/2025 - 01:01:53: Randomly Filling slots for the vote with 5 out of 18
L 08/30/2025 - 01:01:53: Filled 5 vote slots with random maps, 5 are custom
L 08/30/2025 - 01:01:53: Vote: Voting for the nextmap started
L 08/30/2025 - 01:02:13: Vote: Voting for the nextmap finished. The nextmap will be $2000$
L 08/30/2025 - 01:02:47: Did not ban any maps from mapstoban.ini file
L 08/30/2025 - 01:02:47: Loaded 18 Maps into the maps that will be picked for the vote
L 08/30/2025 - 01:02:47: 2 Maps were not loaded because they were the last maps played, or defined twice, or banned
L 08/30/2025 - 01:02:47: Found 20 Maps in your mapcycle.txt/allmaps.txt file, 18 are available for filling slots
L 08/30/2025 - 01:21:15: Nominations for the map vote: 0 out of 5 possible nominations
L 08/30/2025 - 01:21:15: Randomly Filling slots for the vote with 5 out of 18
L 08/30/2025 - 01:21:15: Filled 5 vote slots with random maps, 4 are custom
L 08/30/2025 - 01:21:15: Vote: Voting for the nextmap started
L 08/30/2025 - 01:21:35: Vote: Voting for the nextmap finished. The nextmap will be awp_india
L 08/30/2025 - 01:22:25: Did not ban any maps from mapstoban.ini file
L 08/30/2025 - 01:22:25: Loaded 17 Maps into the maps that will be picked for the vote
L 08/30/2025 - 01:22:25: 3 Maps were not loaded because they were the last maps played, or defined twice, or banned
L 08/30/2025 - 01:22:25: Found 20 Maps in your mapcycle.txt/allmaps.txt file, 17 are available for filling slots
L 08/30/2025 - 01:40:37: Nominations for the map vote: 0 out of 5 possible nominations
L 08/30/2025 - 01:40:37: Randomly Filling slots for the vote with 5 out of 17
L 08/30/2025 - 01:40:37: Filled 5 vote slots with random maps, 5 are custom
L 08/30/2025 - 01:40:37: Vote: Voting for the nextmap started
L 08/30/2025 - 01:40:57: Vote: Voting for the nextmap finished. The nextmap will be fy_snow
L 08/30/2025 - 01:41:52: Did not ban any maps from mapstoban.ini file
L 08/30/2025 - 01:41:53: Loaded 16 Maps into the maps that will be picked for the vote
L 08/30/2025 - 01:41:53: 4 Maps were not loaded because they were the last maps played, or defined twice, or banned
L 08/30/2025 - 01:41:53: Found 20 Maps in your mapcycle.txt/allmaps.txt file, 16 are available for filling slots
L 08/30/2025 - 02:00:05: Nominations for the map vote: 0 out of 5 possible nominations
L 08/30/2025 - 02:00:05: Randomly Filling slots for the vote with 5 out of 16
L 08/30/2025 - 02:00:05: Filled 5 vote slots with random maps, 5 are custom
L 08/30/2025 - 02:00:05: Vote: Voting for the nextmap started
L 08/30/2025 - 02:00:25: Vote: Voting for the nextmap finished. The nextmap will be aim_deagle5
L 08/30/2025 - 02:01:10: Did not ban any maps from mapstoban.ini file
L 08/30/2025 - 02:01:10: Loaded 16 Maps into the maps that will be picked for the vote
L 08/30/2025 - 02:01:10: 4 Maps were not loaded because they were the last maps played, or defined twice, or banned
L 08/30/2025 - 02:01:10: Found 20 Maps in your mapcycle.txt/allmaps.txt file, 16 are available for filling slots
L 08/30/2025 - 02:01:59: Did not ban any maps from mapstoban.ini file
L 08/30/2025 - 02:01:59: Loaded 16 Maps into the maps that will be picked for the vote
L 08/30/2025 - 02:01:59: 4 Maps were not loaded because they were the last maps played, or defined twice, or banned
L 08/30/2025 - 02:01:59: Found 20 Maps in your mapcycle.txt/allmaps.txt file, 16 are available for filling slots
L 08/30/2025 - 02:20:26: Nominations for the map vote: 0 out of 5 possible nominations
L 08/30/2025 - 02:20:26: Randomly Filling slots for the vote with 5 out of 16
L 08/30/2025 - 02:20:26: Filled 5 vote slots with random maps, 5 are custom
L 08/30/2025 - 02:20:26: Vote: Voting for the nextmap started
L 08/30/2025 - 02:20:46: Vote: Voting for the nextmap finished. The nextmap will be aim_aztec
L 08/30/2025 - 02:21:15: Did not ban any maps from mapstoban.ini file
L 08/30/2025 - 02:21:15: Loaded 16 Maps into the maps that will be picked for the vote
L 08/30/2025 - 02:21:15: 4 Maps were not loaded because they were the last maps played, or defined twice, or banned
L 08/30/2025 - 02:21:15: Found 20 Maps in your mapcycle.txt/allmaps.txt file, 16 are available for filling slots
L 08/30/2025 - 02:39:28: Nominations for the map vote: 0 out of 5 possible nominations
L 08/30/2025 - 02:39:28: Randomly Filling slots for the vote with 5 out of 16
L 08/30/2025 - 02:39:28: Filled 5 vote slots with random maps, 5 are custom
L 08/30/2025 - 02:39:28: Vote: Voting for the nextmap started
L 08/30/2025 - 02:39:48: Vote: Voting for the nextmap finished. The nextmap will be de_go_go_go
L 08/30/2025 - 02:40:33: Did not ban any maps from mapstoban.ini file
L 08/30/2025 - 02:40:33: Loaded 16 Maps into the maps that will be picked for the vote
L 08/30/2025 - 02:40:33: 4 Maps were not loaded because they were the last maps played, or defined twice, or banned
L 08/30/2025 - 02:40:33: Found 20 Maps in your mapcycle.txt/allmaps.txt file, 16 are available for filling slots
L 08/30/2025 - 02:40:51: Did not ban any maps from mapstoban.ini file
L 08/30/2025 - 02:40:51: Loaded 17 Maps into the maps that will be picked for the vote
L 08/30/2025 - 02:40:51: 3 Maps were not loaded because they were the last maps played, or defined twice, or banned
L 08/30/2025 - 02:40:52: Found 20 Maps in your mapcycle.txt/allmaps.txt file, 17 are available for filling slots
L 08/30/2025 - 02:42:35: Did not ban any maps from mapstoban.ini file
L 08/30/2025 - 02:42:35: Loaded 18 Maps into the maps that will be picked for the vote
L 08/30/2025 - 02:42:35: 2 Maps were not loaded because they were the last maps played, or defined twice, or banned
L 08/30/2025 - 02:42:35: Found 20 Maps in your mapcycle.txt/allmaps.txt file, 18 are available for filling slots
L 08/30/2025 - 02:42:54: Did not ban any maps from mapstoban.ini file
L 08/30/2025 - 02:42:54: Loaded 18 Maps into the maps that will be picked for the vote
L 08/30/2025 - 02:42:54: 2 Maps were not loaded because they were the last maps played, or defined twice, or banned
L 08/30/2025 - 02:42:54: Found 20 Maps in your mapcycle.txt/allmaps.txt file, 18 are available for filling slots
L 08/30/2025 - 02:43:11: Did not ban any maps from mapstoban.ini file
L 08/30/2025 - 02:43:11: Loaded 18 Maps into the maps that will be picked for the vote
L 08/30/2025 - 02:43:11: 2 Maps were not loaded because they were the last maps played, or defined twice, or banned
L 08/30/2025 - 02:43:11: Found 20 Maps in your mapcycle.txt/allmaps.txt file, 18 are available for filling slots
L 08/30/2025 - 03:02:56: Nominations for the map vote: 0 out of 5 possible nominations
L 08/30/2025 - 03:02:56: Randomly Filling slots for the vote with 5 out of 18
L 08/30/2025 - 03:02:56: Filled 5 vote slots with random maps, 5 are custom
L 08/30/2025 - 03:02:56: Vote: Voting for the nextmap started
L 08/30/2025 - 03:03:17: Vote: Voting for the nextmap finished. The nextmap will be aim_deagle5
L 08/30/2025 - 03:03:36: Did not ban any maps from mapstoban.ini file
L 08/30/2025 - 03:03:36: Loaded 18 Maps into the maps that will be picked for the vote
L 08/30/2025 - 03:03:36: 2 Maps were not loaded because they were the last maps played, or defined twice, or banned
L 08/30/2025 - 03:03:36: Found 20 Maps in your mapcycle.txt/allmaps.txt file, 18 are available for filling slots
